<?xml version="1.0" encoding="UTF-8"?>
<robot generator="Robot 4.1.3 (Python 3.9.13 on win32)" generated="20230616 09:25:31.022" rpa="false" schemaversion="2">
<suite id="s1" name="Test" source="D:\SCM\robot_framework_proj\Robots\test.robot">
<test id="s1-t1" name="log Test">
<kw name="Log To Console" library="BuiltIn">
<arg>${WORD}</arg>
<doc>Logs the given message to the console.</doc>
<status status="PASS" starttime="20230616 09:25:31.237" endtime="20230616 09:25:31.237"/>
</kw>
<status status="PASS" starttime="20230616 09:25:31.237" endtime="20230616 09:25:31.238"/>
</test>
<status status="PASS" starttime="20230616 09:25:31.023" endtime="20230616 09:25:31.239"/>
</suite>
<statistics>
<total>
<stat pass="1" fail="0" skip="0">All Tests</stat>
</total>
<tag>
</tag>
<suite>
<stat pass="1" fail="0" skip="0" id="s1" name="Test">Test</stat>
</suite>
</statistics>
<errors>
</errors>
</robot>
